Drill report for STM32_project1.kicad_pcb
Created on 2026-07-12T09:57:22+0530

Copper Layer Stackup:
    =============================================================
    L1 :  F.Cu                      front
    L2 :  B.Cu                      back


Drill file 'STM32_project1.drl' contains
    plated through holes:
    =============================================================
    T1  0.300mm  0.0118"  (21 holes)
    T2  0.550mm  0.0217"  (2 holes)  (with 2 slots)
    T3  0.850mm  0.0335"  (2 holes)  (with 2 slots)
    T4  1.000mm  0.0394"  (12 holes)

    Total plated holes count 37


Not plated through holes are merged with plated holes
    unplated through holes:
    =============================================================
    T5  0.800mm  0.0315"  (2 holes)
    T6  0.900mm  0.0354"  (2 holes)
    T7  2.200mm  0.0866"  (4 holes)

    Total unplated holes count 8
